2019-07-09 19:32:39 INFO  EntityCache:36 - Se cargo correctamente el archivo properties
2019-07-09 19:32:40 INFO  Conexion:17 - Conectado exitosamente
2019-07-09 19:32:40 INFO  Registry:28 - Registro insertado exitosamente 
2019-07-09 19:32:40 INFO  Registry:28 - Registro insertado exitosamente 
2019-07-09 19:32:40 INFO  Registry:28 - Registro insertado exitosamente 
2019-07-09 19:32:40 INFO  Registry:28 - Registro insertado exitosamente 
2019-07-09 19:32:40 INFO  Registry:28 - Registro insertado exitosamente 
2019-07-09 19:32:40 INFO  Registry:28 - Registro insertado exitosamente 
2019-07-09 19:32:40 INFO  Registry:28 - Registro insertado exitosamente 
2019-07-09 19:32:40 INFO  Registry:28 - Registro insertado exitosamente 
2019-07-09 19:32:40 INFO  Registry:28 - Registro insertado exitosamente 
2019-07-09 19:32:40 INFO  Registry:28 - Registro insertado exitosamente 
2019-07-09 19:45:49 INFO  EntityCache:36 - Se cargo correctamente el archivo properties
2019-07-09 19:45:49 INFO  Conexion:17 - Conectado exitosamente
2019-07-09 19:45:49 INFO  Registry:28 - Registro insertado exitosamente 
2019-07-09 19:45:49 INFO  Registry:28 - Registro insertado exitosamente 
2019-07-09 19:45:49 INFO  Registry:28 - Registro insertado exitosamente 
2019-07-09 19:45:49 INFO  Registry:28 - Registro insertado exitosamente 
2019-07-09 19:45:49 INFO  Registry:28 - Registro insertado exitosamente 
2019-07-09 19:45:49 INFO  Registry:28 - Registro insertado exitosamente 
2019-07-09 19:45:49 INFO  Registry:28 - Registro insertado exitosamente 
2019-07-09 19:45:49 INFO  Registry:28 - Registro insertado exitosamente 
2019-07-09 19:45:49 INFO  Registry:28 - Registro insertado exitosamente 
2019-07-09 19:45:49 INFO  Registry:28 - Registro insertado exitosamente 
2019-07-09 19:48:38 INFO  EntityCache:36 - Se cargo correctamente el archivo properties
2019-07-09 19:48:38 INFO  Conexion:17 - Conectado exitosamente
2019-07-09 19:48:38 INFO  Registry:28 - Registro insertado exitosamente 
2019-07-09 19:48:38 INFO  Registry:28 - Registro insertado exitosamente 
2019-07-09 19:48:38 INFO  Registry:28 - Registro insertado exitosamente 
2019-07-09 19:48:38 INFO  Registry:28 - Registro insertado exitosamente 
2019-07-09 19:48:38 INFO  Registry:28 - Registro insertado exitosamente 
2019-07-09 19:48:38 INFO  Registry:28 - Registro insertado exitosamente 
2019-07-09 19:48:38 INFO  Registry:28 - Registro insertado exitosamente 
2019-07-09 19:48:38 INFO  Registry:28 - Registro insertado exitosamente 
2019-07-09 19:48:38 INFO  Registry:28 - Registro insertado exitosamente 
2019-07-09 19:48:38 INFO  Registry:28 - Registro insertado exitosamente 
2019-07-09 19:57:01 INFO  EntityCache:36 - Se cargo correctamente el archivo properties
2019-07-09 19:57:01 INFO  Conexion:17 - Conectado exitosamente
2019-07-09 19:57:01 INFO  Registry:28 - Registro insertado exitosamente 
2019-07-09 19:57:01 INFO  Registry:28 - Registro insertado exitosamente 
2019-07-09 19:57:01 INFO  Registry:28 - Registro insertado exitosamente 
2019-07-09 19:57:01 INFO  Registry:28 - Registro insertado exitosamente 
2019-07-09 19:57:01 INFO  Registry:28 - Registro insertado exitosamente 
2019-07-09 19:57:01 INFO  Registry:28 - Registro insertado exitosamente 
2019-07-09 19:57:01 INFO  Registry:28 - Registro insertado exitosamente 
2019-07-09 19:57:01 INFO  Registry:28 - Registro insertado exitosamente 
2019-07-09 19:57:01 INFO  Registry:28 - Registro insertado exitosamente 
2019-07-09 19:57:01 INFO  Registry:28 - Registro insertado exitosamente 
2019-07-09 19:57:38 INFO  EntityCache:36 - Se cargo correctamente el archivo properties
2019-07-09 19:57:38 INFO  Conexion:17 - Conectado exitosamente
2019-07-09 19:57:38 INFO  Registry:28 - Registro insertado exitosamente 
2019-07-09 19:57:38 INFO  Registry:28 - Registro insertado exitosamente 
2019-07-09 19:57:38 INFO  Registry:28 - Registro insertado exitosamente 
2019-07-09 19:57:38 INFO  Registry:28 - Registro insertado exitosamente 
2019-07-09 19:57:38 INFO  Registry:28 - Registro insertado exitosamente 
2019-07-09 19:57:38 INFO  Registry:28 - Registro insertado exitosamente 
2019-07-09 19:57:38 INFO  Registry:28 - Registro insertado exitosamente 
2019-07-09 19:57:38 INFO  Registry:28 - Registro insertado exitosamente 
2019-07-09 19:57:38 INFO  Registry:28 - Registro insertado exitosamente 
2019-07-09 19:57:38 INFO  Registry:28 - Registro insertado exitosamente 
2019-07-09 19:59:24 INFO  EntityCache:36 - Se cargo correctamente el archivo properties
2019-07-09 19:59:24 INFO  Conexion:17 - Conectado exitosamente
2019-07-09 19:59:24 INFO  Registry:28 - Registro insertado exitosamente 
2019-07-09 19:59:24 INFO  Registry:28 - Registro insertado exitosamente 
2019-07-09 19:59:24 INFO  Registry:28 - Registro insertado exitosamente 
2019-07-09 19:59:24 INFO  Registry:28 - Registro insertado exitosamente 
2019-07-09 19:59:24 INFO  Registry:28 - Registro insertado exitosamente 
2019-07-09 19:59:24 INFO  Registry:28 - Registro insertado exitosamente 
2019-07-09 19:59:24 INFO  Registry:28 - Registro insertado exitosamente 
2019-07-09 19:59:24 INFO  Registry:28 - Registro insertado exitosamente 
2019-07-09 19:59:24 INFO  Registry:28 - Registro insertado exitosamente 
2019-07-09 19:59:24 INFO  Registry:28 - Registro insertado exitosamente 
2019-07-09 20:13:03 INFO  EntityCache:36 - Se cargo correctamente el archivo properties
2019-07-09 20:13:03 INFO  Conexion:17 - Conectado exitosamente
2019-07-09 20:13:03 WARN  Registry:30 - Se presento problemas para insertar el registro, datos del registro
2019-07-09 20:13:03 WARN  Registry:31 - Mensaje de base de datos No se  encuentra registro
2019-07-09 20:13:03 WARN  Registry:32 - id Transaction 1
2019-07-09 20:13:03 WARN  Registry:33 - id Client 1
2019-07-09 20:13:03 WARN  Registry:30 - Se presento problemas para insertar el registro, datos del registro
2019-07-09 20:13:03 WARN  Registry:31 - Mensaje de base de datos No se  encuentra registro
2019-07-09 20:13:03 WARN  Registry:32 - id Transaction 2
2019-07-09 20:13:03 WARN  Registry:33 - id Client 2
2019-07-09 20:13:03 WARN  Registry:30 - Se presento problemas para insertar el registro, datos del registro
2019-07-09 20:13:03 WARN  Registry:31 - Mensaje de base de datos No se  encuentra registro
2019-07-09 20:13:03 WARN  Registry:32 - id Transaction 3
2019-07-09 20:13:03 WARN  Registry:33 - id Client 3
2019-07-09 20:13:03 WARN  Registry:30 - Se presento problemas para insertar el registro, datos del registro
2019-07-09 20:13:03 WARN  Registry:31 - Mensaje de base de datos No se  encuentra registro
2019-07-09 20:13:03 WARN  Registry:32 - id Transaction 4
2019-07-09 20:13:03 WARN  Registry:33 - id Client 4
2019-07-09 20:13:03 WARN  Registry:30 - Se presento problemas para insertar el registro, datos del registro
2019-07-09 20:13:03 WARN  Registry:31 - Mensaje de base de datos No se  encuentra registro
2019-07-09 20:13:03 WARN  Registry:32 - id Transaction 5
2019-07-09 20:13:03 WARN  Registry:33 - id Client 5
2019-07-09 20:13:03 WARN  Registry:30 - Se presento problemas para insertar el registro, datos del registro
2019-07-09 20:13:03 WARN  Registry:31 - Mensaje de base de datos No se  encuentra registro
2019-07-09 20:13:03 WARN  Registry:32 - id Transaction 1
2019-07-09 20:13:03 WARN  Registry:33 - id Client 1
2019-07-09 20:13:03 WARN  Registry:30 - Se presento problemas para insertar el registro, datos del registro
2019-07-09 20:13:03 WARN  Registry:31 - Mensaje de base de datos No se  encuentra registro
2019-07-09 20:13:03 WARN  Registry:32 - id Transaction 2
2019-07-09 20:13:03 WARN  Registry:33 - id Client 1
2019-07-09 20:13:03 WARN  Registry:30 - Se presento problemas para insertar el registro, datos del registro
2019-07-09 20:13:03 WARN  Registry:31 - Mensaje de base de datos No se  encuentra registro
2019-07-09 20:13:03 WARN  Registry:32 - id Transaction 3
2019-07-09 20:13:03 WARN  Registry:33 - id Client 1
2019-07-09 20:13:03 WARN  Registry:30 - Se presento problemas para insertar el registro, datos del registro
2019-07-09 20:13:03 WARN  Registry:31 - Mensaje de base de datos No se  encuentra registro
2019-07-09 20:13:03 WARN  Registry:32 - id Transaction 4
2019-07-09 20:13:03 WARN  Registry:33 - id Client 1
2019-07-09 20:13:03 WARN  Registry:30 - Se presento problemas para insertar el registro, datos del registro
2019-07-09 20:13:03 WARN  Registry:31 - Mensaje de base de datos No se  encuentra registro
2019-07-09 20:13:03 WARN  Registry:32 - id Transaction 5
2019-07-09 20:13:03 WARN  Registry:33 - id Client 1
2019-07-09 20:18:02 INFO  EntityCache:36 - Se cargo correctamente el archivo properties
2019-07-09 20:18:02 INFO  Conexion:17 - Conectado exitosamente
2019-07-09 20:18:03 INFO  Registry:28 - Registro insertado exitosamente 
2019-07-09 20:18:03 INFO  Registry:28 - Registro insertado exitosamente 
2019-07-09 20:18:03 INFO  Registry:28 - Registro insertado exitosamente 
2019-07-09 20:18:03 INFO  Registry:28 - Registro insertado exitosamente 
2019-07-09 20:18:03 INFO  Registry:28 - Registro insertado exitosamente 
2019-07-09 20:18:03 WARN  Registry:30 - Se presento problemas para insertar el registro, datos del registro
2019-07-09 20:18:03 WARN  Registry:31 - Mensaje de base de datos Fallo
2019-07-09 20:18:03 WARN  Registry:32 - id Transaction 1
2019-07-09 20:18:03 WARN  Registry:33 - id Client 1
2019-07-09 20:18:03 INFO  Registry:28 - Registro insertado exitosamente 
2019-07-09 20:18:03 INFO  Registry:28 - Registro insertado exitosamente 
2019-07-09 20:18:03 INFO  Registry:28 - Registro insertado exitosamente 
2019-07-09 20:18:03 INFO  Registry:28 - Registro insertado exitosamente 
2019-07-09 20:19:33 INFO  EntityCache:36 - Se cargo correctamente el archivo properties
2019-07-09 20:19:34 INFO  Conexion:17 - Conectado exitosamente
2019-07-09 20:19:34 INFO  Registry:28 - Registro insertado exitosamente 
2019-07-09 20:19:34 INFO  Registry:28 - Registro insertado exitosamente 
2019-07-09 20:19:34 INFO  Registry:28 - Registro insertado exitosamente 
2019-07-09 20:19:34 INFO  Registry:28 - Registro insertado exitosamente 
2019-07-09 20:19:34 INFO  Registry:28 - Registro insertado exitosamente 
2019-07-09 20:19:34 WARN  Registry:30 - Se presento problemas para insertar el registro, datos del registro
2019-07-09 20:19:34 WARN  Registry:31 - Mensaje de base de datos Fallo
2019-07-09 20:19:34 WARN  Registry:32 - id Value Transaction NORMAL
2019-07-09 20:19:34 WARN  Registry:33 - id Transaction 1
2019-07-09 20:19:34 WARN  Registry:34 - id Client 1
2019-07-09 20:19:34 INFO  Registry:28 - Registro insertado exitosamente 
2019-07-09 20:19:34 INFO  Registry:28 - Registro insertado exitosamente 
2019-07-09 20:19:34 INFO  Registry:28 - Registro insertado exitosamente 
2019-07-09 20:19:34 INFO  Registry:28 - Registro insertado exitosamente 
2019-07-09 20:28:24 INFO  EntityCache:36 - Se cargo correctamente el archivo properties
2019-07-09 20:28:25 INFO  Conexion:17 - Conectado exitosamente
2019-07-09 20:28:25 INFO  Registry:28 - Registro insertado exitosamente 
2019-07-09 20:28:25 INFO  Registry:28 - Registro insertado exitosamente 
2019-07-09 20:28:25 INFO  Registry:28 - Registro insertado exitosamente 
2019-07-09 20:28:25 INFO  Registry:28 - Registro insertado exitosamente 
2019-07-09 20:28:25 INFO  Registry:28 - Registro insertado exitosamente 
2019-07-09 20:28:25 INFO  Registry:28 - Registro insertado exitosamente 
2019-07-09 20:28:25 INFO  Registry:28 - Registro insertado exitosamente 
2019-07-09 20:28:25 INFO  Registry:28 - Registro insertado exitosamente 
2019-07-09 20:28:25 INFO  Registry:28 - Registro insertado exitosamente 
2019-07-09 20:28:25 INFO  Registry:28 - Registro insertado exitosamente 
2019-07-09 20:37:31 INFO  EntityCache:36 - Se cargo correctamente el archivo properties
2019-07-09 20:37:31 INFO  Conexion:17 - Conectado exitosamente
2019-07-09 20:37:32 INFO  Registry:28 - Registro insertado exitosamente 
2019-07-09 20:37:32 INFO  Registry:28 - Registro insertado exitosamente 
2019-07-09 20:37:32 INFO  Registry:28 - Registro insertado exitosamente 
2019-07-09 20:37:32 INFO  Registry:28 - Registro insertado exitosamente 
2019-07-09 20:37:32 INFO  Registry:28 - Registro insertado exitosamente 
2019-07-09 20:37:32 INFO  Registry:28 - Registro insertado exitosamente 
2019-07-09 20:37:32 INFO  Registry:28 - Registro insertado exitosamente 
2019-07-09 20:37:32 INFO  Registry:28 - Registro insertado exitosamente 
2019-07-09 20:37:32 INFO  Registry:28 - Registro insertado exitosamente 
2019-07-09 20:37:32 INFO  Registry:28 - Registro insertado exitosamente 
